app/build/outputs/mapping/release/seeds.txt
com.example.eventorias.ui.list.EventListViewModel
com.example.eventorias.ui.MainActivity
com.example.eventorias.ui.profile.UserProfileViewModel
com.example.eventorias.MyFirebaseMessagingService
com.example.eventorias.ui.add.CreateEventViewModel
com.example.eventorias.MyApplication
com.example.eventorias.MyWorker
com.example.eventorias.ui.login.LoginViewModel
com.example.eventorias.ui.login.LoginViewModel: LoginViewModel()
com.example.eventorias.ui.MainActivity: MainActivity()
com.example.eventorias.MyWorker: MyWorker(android.content.Context,androidx.work.WorkerParameters)
com.example.eventorias.MyFirebaseMessagingService: MyFirebaseMessagingService()
com.example.eventorias.ui.list.EventListViewModel: EventListViewModel()
com.example.eventorias.ui.profile.UserProfileViewModel: UserProfileViewModel()
com.example.eventorias.MyApplication: MyApplication()
com.example.eventorias.ui.add.CreateEventViewModel: CreateEventViewModel()
...
com.google.android.gms.internal.firebase-auth-api.zzod
okhttp3.internal.cache.DiskLruCache$Editor
com.google.android.gms.internal.firebase-auth-api.zzacw
com.google.android.gms.internal.firebase-auth-api.zzxe$zza
com.google.android.recaptcha.internal.zzcp
com.google.android.gms.internal.firebase-auth-api.zzsk
android.support.v4.media.session.PlaybackStateCompat
com.google.android.gms.internal.auth.zzhf
com.google.android.gms.internal.firebase-auth-api.zzsr
com.firebase.ui.auth.util.data.ProviderUtils
com.google.android.gms.internal.measurement.zzv
com.google.android.gms.internal.measurement.zzdw
com.google.android.gms.internal.firebase-auth-api.zzzv
com.google.android.gms.internal.auth-api.zbbd
com.firebase.ui.auth.data.model.User$Builder
androidx.work.impl.background.systemalarm.ConstraintProxy$BatteryChargingProxy
com.google.android.gms.internal.measurement.zzpc
okhttp3.internal.http2.Hpack$Writer
androidx.compose.ui.focus.FocusPropertiesElement
com.google.android.gms.internal.measurement.zziz
com.google.android.gms.internal.auth-api.zbag
com.google.android.gms.internal.auth.zzep
com.google.android.gms.internal.firebase-auth-api.zzi
com.google.android.gms.internal.firebase-auth-api.zzdu
com.google.android.gms.internal.auth-api.zbbc
com.google.android.recaptcha.internal.zzgc
androidx.compose.foundation.gestures.ScrollableElement
com.google.android.gms.internal.measurement.zznj
com.google.android.gms.internal.fido.zzn
com.google.android.gms.internal.measurement.zzob
com.google.android.gms.internal.auth-api.zbe
com.google.android.gms.internal.auth.zzm
okhttp3.internal.ws.RealWebSocket
okhttp3.internal.publicsuffix.PublicSuffixDatabase$Companion
com.google.android.gms.internal.measurement.zzoo
com.google.android.gms.internal.firebase-auth-api.zzug$zza
com.google.firebase.provider.FirebaseInitProvider
com.google.android.gms.internal.measurement.zzmr
com.google.android.gms.internal.firebase-auth-api.zzace
okhttp3.internal.http2.Http2Connection$ReaderRunnable$settings$$inlined$execute$default$1
com.google.android.gms.internal.firebase-auth-api.zzjv
com.google.android.gms.internal.firebase-auth-api.zzaja
com.google.android.gms.internal.measurement.zzal
com.google.android.recaptcha.internal.zzcb
com.google.android.gms.internal.measurement.zzaf
com.google.android.gms.internal.measurement.zzms
com.google.android.gms.internal.firebase-auth-api.zzaiq
com.google.android.recaptcha.internal.zzip
com.google.android.gms.internal.auth.zzfq
com.google.android.gms.internal.firebase-auth-api.zzog
com.google.android.gms.internal.firebase-auth-api.zzyj
com.google.android.gms.internal.measurement.zzfa
com.google.android.gms.internal.firebase-auth-api.zzaao
com.google.android.gms.internal.cloudmessaging.zzb
com.google.android.gms.internal.measurement.zzfy$zza$zza
com.google.android.recaptcha.RecaptchaException
com.google.android.gms.internal.measurement.zzfy$zzk
com.firebase.ui.auth.viewmodel.OperableViewModel
com.google.android.gms.internal.auth-api.zbai
androidx.compose.foundation.text.input.internal.LegacyAdaptingPlatformTextInputModifier
com.firebase.ui.auth.viewmodel.ResourceObserver
com.google.android.recaptcha.internal.zzdy
com.google.android.gms.internal.firebase-auth-api.zzx
com.google.android.gms.internal.firebase-auth-api.zzel
okhttp3.internal.connection.RealConnectionPool$cleanupTask$1
com.google.android.gms.internal.firebase-auth-api.zzdg$zzc
com.google.android.recaptcha.internal.zzdm
com.firebase.ui.auth.util.ui.PreambleHandler$CustomTabsSpan
com.google.android.gms.internal.measurement.zzbm
androidx.compose.ui.focus.FocusChangedElement
com.google.android.gms.internal.measurement.zzdv
com.google.android.gms.internal.firebase-auth-api.zzadu
com.google.android.gms.internal.auth.zzea
com.google.android.gms.tasks.zzt
com.google.android.gms.internal.cloudmessaging.zzc
com.google.android.gms.internal.firebase-auth-api.zzng
com.google.android.gms.internal.auth.zzev
com.google.android.recaptcha.internal.zzag